/*C1*/SET SCHEMA SYSTEM_LOBS
INSERT INTO BLOCKS VALUES(0,2147483647,0)
COMMIT
/*C2*/SET SCHEMA PUBLIC
DISCONNECT
/*C5*/SET SCHEMA PUBLIC
CREATE SCHEMA CHATSERVER AUTHORIZATION "root"
DISCONNECT
/*C6*/SET SCHEMA PUBLIC
DISCONNECT
/*C7*/SET SCHEMA PUBLIC
DISCONNECT
/*C8*/SET SCHEMA PUBLIC
CREATE TABLE chatServer.RegTable(Mobile INTEGER NOT NULL, RegId VARCHAR(40) NOT NULL, PRIMARY KEY(Mobile))\u000d\u000a
DISCONNECT
/*C9*/SET SCHEMA PUBLIC
DISCONNECT
/*C10*/SET SCHEMA PUBLIC
DISCONNECT
/*C11*/SET SCHEMA CHATSERVER
SET SCHEMA chatServer\u000d\u000a
DISCONNECT
/*C12*/SET SCHEMA CHATSERVER
SET SCHEMA chatServer\u000d\u000a
DISCONNECT
/*C13*/SET SCHEMA PUBLIC
DISCONNECT
/*C14*/SET SCHEMA PUBLIC
DISCONNECT
/*C15*/SET SCHEMA PUBLIC
DISCONNECT
/*C16*/SET SCHEMA PUBLIC
DISCONNECT
/*C17*/SET SCHEMA PUBLIC
DISCONNECT
/*C18*/SET SCHEMA CHATSERVER
INSERT INTO REGTABLE VALUES(81,'123ertfyguhijokpknbtyh123')
COMMIT
SET SCHEMA PUBLIC
DISCONNECT
/*C19*/SET SCHEMA PUBLIC
DISCONNECT
/*C20*/SET SCHEMA PUBLIC
DISCONNECT
/*C21*/SET SCHEMA PUBLIC
DISCONNECT
/*C22*/SET SCHEMA PUBLIC
DROP TABLE IF EXISTS chatServer.RegTable\u000d\u000a
CREATE TABLE chatServer.RegTable(Mobile VARCHAR(15) NOT NULL, RegId VARCHAR(40) NOT NULL, PRIMARY KEY(Mobile))
SET SCHEMA CHATSERVER
INSERT INTO REGTABLE VALUES('081','123ertfyguhijokpknbtyh123')
COMMIT
SET SCHEMA PUBLIC
DISCONNECT
/*C23*/SET SCHEMA PUBLIC
DROP TABLE IF EXISTS chatServer.RegTable\u000d\u000a
CREATE TABLE chatServer.RegTable(Mobile VARCHAR(15) NOT NULL, RegId VARCHAR(40) NOT NULL, PRIMARY KEY(Mobile))
SET SCHEMA CHATSERVER
INSERT INTO REGTABLE VALUES('0812229044','123ertfyguhijokpknbtyh123')
COMMIT
SET SCHEMA PUBLIC
DISCONNECT
/*C24*/SET SCHEMA PUBLIC
DROP TABLE IF EXISTS chatServer.RegTable
DISCONNECT
/*C25*/SET SCHEMA PUBLIC
CREATE TABLE chatServer.RegTable(Mobile VARCHAR(15) NOT NULL, RegId VARCHAR(40) NOT NULL, PRIMARY KEY(Mobile))\u000d\u000a
DISCONNECT
/*C26*/SET SCHEMA PUBLIC
DISCONNECT
/*C27*/SET SCHEMA CHATSERVER
INSERT INTO REGTABLE VALUES('0812229044','123ertfyguhijokpknbtyh123')
COMMIT
SET SCHEMA PUBLIC
DISCONNECT
/*C28*/SET SCHEMA PUBLIC
DISCONNECT
/*C29*/SET SCHEMA PUBLIC
DISCONNECT
/*C30*/SET SCHEMA PUBLIC
DISCONNECT
/*C31*/SET SCHEMA PUBLIC
DROP TABLE IF EXISTS chatServer.RegTable
DISCONNECT
/*C32*/SET SCHEMA PUBLIC
DISCONNECT
/*C33*/SET SCHEMA PUBLIC
DROP TABLE IF EXISTS chatServer.RegTable\u000d\u000a
CREATE TABLE chatServer.RegTable(Mobile VARCHAR(15) NOT NULL, RegId VARCHAR(40) NOT NULL, PRIMARY KEY(Mobile))
SET SCHEMA CHATSERVER
INSERT INTO REGTABLE VALUES('0812229044','123ertfyguhijokpknbtyh123')
COMMIT
SET SCHEMA PUBLIC
DISCONNECT
/*C34*/SET SCHEMA PUBLIC
DROP TABLE IF EXISTS chatServer.RegTable\u000d\u000a
CREATE TABLE chatServer.RegTable(Mobile VARCHAR(15) NOT NULL, RegId VARCHAR(40) NOT NULL, PRIMARY KEY(Mobile))
SET SCHEMA CHATSERVER
INSERT INTO REGTABLE VALUES('0812229044','123ertfyguhijokpknbtyhABC')
COMMIT
SET SCHEMA PUBLIC
DISCONNECT
/*C35*/SET SCHEMA PUBLIC
DROP TABLE IF EXISTS chatServer.RegTable\u000d\u000a
CREATE TABLE chatServer.RegTable(Mobile VARCHAR(15) NOT NULL, RegId VARCHAR(40) NOT NULL, PRIMARY KEY(Mobile))
SET SCHEMA CHATSERVER
INSERT INTO REGTABLE VALUES('0812229044','123ertfyguhijokpknbtyhABC')
COMMIT
SET SCHEMA PUBLIC
DISCONNECT
/*C36*/SET SCHEMA PUBLIC
DISCONNECT
/*C37*/SET SCHEMA PUBLIC
DISCONNECT
/*C38*/SET SCHEMA CHATSERVER
INSERT INTO REGTABLE VALUES('0812229055','Qwerty12345abc')
COMMIT
SET SCHEMA PUBLIC
DISCONNECT
/*C39*/SET SCHEMA PUBLIC
DISCONNECT
/*C40*/SET SCHEMA PUBLIC
DISCONNECT
/*C41*/SET SCHEMA PUBLIC
DISCONNECT
/*C4*/SET SCHEMA PUBLIC
DISCONNECT
/*C3*/SET SCHEMA PUBLIC
DISCONNECT
